2023-04-20 16:39:27.788146: I tensorflow/core/platform/cpu_feature_guard.cc:193] This TensorFlow binary is optimized with oneAPI Deep Neural Network Library (oneDNN) to use the following CPU instructions in performance-critical operations:  AVX2 AVX512F FMA
To enable them in other operations, rebuild TensorFlow with the appropriate compiler flags.
2023-04-20 16:39:28.464342: W tensorflow/compiler/xla/stream_executor/platform/default/dso_loader.cc:64] Could not load dynamic library 'libnvinfer.so.7'; dlerror: libnvinfer.so.7: cannot open shared object file: No such file or directory; LD_LIBRARY_PATH: /usr/lib/x86_64-linux-gnu::/usr/lib/x86_64-linux-gnu:
2023-04-20 16:39:28.464490: W tensorflow/compiler/xla/stream_executor/platform/default/dso_loader.cc:64] Could not load dynamic library 'libnvinfer_plugin.so.7'; dlerror: libnvinfer_plugin.so.7: cannot open shared object file: No such file or directory; LD_LIBRARY_PATH: /usr/lib/x86_64-linux-gnu::/usr/lib/x86_64-linux-gnu:
2023-04-20 16:39:28.464508: W tensorflow/compiler/tf2tensorrt/utils/py_utils.cc:38] TF-TRT Warning: Cannot dlopen some TensorRT libraries. If you would like to use Nvidia GPU with TensorRT, please make sure the missing libraries mentioned above are installed properly.
Load data from ../data/cifar10.pkl
the whole dataset size: 60000
load the correct model
Load the optimizer SGD:  learning rate 0.1 weight decay 0.0005 
Epoch: 1/100 | Train Loss: 2.01376393  Test Loss: 1.66914606  EMA Test Loss: 1.99970448  Train Acc: 0.24528000  Test Acc: 0.36880000  EMA Test Acc: 0.29530000  One step uses 10.94 seconds
Epoch: 2/100 | Train Loss: 1.45961372  Test Loss: 1.30290496  EMA Test Loss: 2.12656569  Train Acc: 0.46432000  Test Acc: 0.52090000  EMA Test Acc: 0.19810000  One step uses 9.44 seconds
Epoch: 3/100 | Train Loss: 1.13782108  Test Loss: 1.15151048  EMA Test Loss: 1.90695620  Train Acc: 0.59016000  Test Acc: 0.58030000  EMA Test Acc: 0.29980000  One step uses 9.50 seconds
Epoch: 4/100 | Train Loss: 0.95655063  Test Loss: 0.99740821  EMA Test Loss: 1.67540491  Train Acc: 0.65816000  Test Acc: 0.64450000  EMA Test Acc: 0.44490000  One step uses 9.52 seconds
Epoch: 5/100 | Train Loss: 0.81767081  Test Loss: 0.93650526  EMA Test Loss: 1.65847611  Train Acc: 0.70936000  Test Acc: 0.66560000  EMA Test Acc: 0.45950000  One step uses 9.76 seconds
Epoch: 6/100 | Train Loss: 0.70736117  Test Loss: 0.85137707  EMA Test Loss: 1.62119329  Train Acc: 0.75024000  Test Acc: 0.69900000  EMA Test Acc: 0.49690000  One step uses 9.81 seconds
Epoch: 7/100 | Train Loss: 0.60629478  Test Loss: 0.82276154  EMA Test Loss: 0.98395634  Train Acc: 0.78888000  Test Acc: 0.71510000  EMA Test Acc: 0.65840000  One step uses 9.82 seconds
Epoch: 8/100 | Train Loss: 0.51100351  Test Loss: 0.78246802  EMA Test Loss: 1.13387644  Train Acc: 0.82388000  Test Acc: 0.73470000  EMA Test Acc: 0.64440000  One step uses 9.66 seconds
Epoch: 9/100 | Train Loss: 0.42653445  Test Loss: 0.82064706  EMA Test Loss: 1.10127807  Train Acc: 0.85308000  Test Acc: 0.72640000  EMA Test Acc: 0.65090000  One step uses 9.76 seconds
Epoch: 10/100 | Train Loss: 0.35390836  Test Loss: 0.80884290  EMA Test Loss: 1.04325962  Train Acc: 0.87932000  Test Acc: 0.73590000  EMA Test Acc: 0.68170000  One step uses 10.28 seconds
Epoch: 11/100 | Train Loss: 0.29116595  Test Loss: 0.98847735  EMA Test Loss: 1.31746233  Train Acc: 0.90264000  Test Acc: 0.70700000  EMA Test Acc: 0.63410000  One step uses 9.63 seconds
Epoch: 12/100 | Train Loss: 0.24220194  Test Loss: 0.98591924  EMA Test Loss: 1.10563350  Train Acc: 0.91976000  Test Acc: 0.72200000  EMA Test Acc: 0.69370000  One step uses 10.03 seconds
Epoch: 13/100 | Train Loss: 0.18835109  Test Loss: 1.02643609  EMA Test Loss: 0.81833029  Train Acc: 0.93868000  Test Acc: 0.71600000  EMA Test Acc: 0.74090000  One step uses 9.97 seconds
Epoch: 14/100 | Train Loss: 0.15516306  Test Loss: 0.90052646  EMA Test Loss: 0.97612560  Train Acc: 0.95052000  Test Acc: 0.75230000  EMA Test Acc: 0.71310000  One step uses 9.68 seconds
Epoch: 15/100 | Train Loss: 0.12239894  Test Loss: 1.16548038  EMA Test Loss: 1.95614862  Train Acc: 0.96104000  Test Acc: 0.71400000  EMA Test Acc: 0.60520000  One step uses 9.65 seconds
Epoch: 16/100 | Train Loss: 0.10145112  Test Loss: 0.95624226  EMA Test Loss: 1.44507873  Train Acc: 0.96796000  Test Acc: 0.74890000  EMA Test Acc: 0.69420000  One step uses 9.70 seconds
Epoch: 17/100 | Train Loss: 0.07934337  Test Loss: 0.99404305  EMA Test Loss: 1.03334057  Train Acc: 0.97480000  Test Acc: 0.74590000  EMA Test Acc: 0.73660000  One step uses 9.69 seconds
Epoch: 18/100 | Train Loss: 0.08048891  Test Loss: 0.97125417  EMA Test Loss: 1.52918065  Train Acc: 0.97536000  Test Acc: 0.75020000  EMA Test Acc: 0.67010000  One step uses 9.99 seconds
Epoch: 19/100 | Train Loss: 0.05892215  Test Loss: 0.94650066  EMA Test Loss: 1.80669808  Train Acc: 0.98248000  Test Acc: 0.75830000  EMA Test Acc: 0.63940000  One step uses 9.73 seconds
Epoch: 20/100 | Train Loss: 0.04105125  Test Loss: 0.97033602  EMA Test Loss: 1.31136668  Train Acc: 0.98956000  Test Acc: 0.75340000  EMA Test Acc: 0.71050000  One step uses 9.75 seconds
Epoch: 21/100 | Train Loss: 0.03207062  Test Loss: 0.91325557  EMA Test Loss: 1.33076918  Train Acc: 0.99168000  Test Acc: 0.76250000  EMA Test Acc: 0.71270000  One step uses 9.61 seconds
Epoch: 22/100 | Train Loss: 0.02368675  Test Loss: 0.97646493  EMA Test Loss: 0.94136423  Train Acc: 0.99380000  Test Acc: 0.75850000  EMA Test Acc: 0.77040000  One step uses 9.84 seconds
Epoch: 23/100 | Train Loss: 0.01496946  Test Loss: 0.94769406  EMA Test Loss: 1.54072368  Train Acc: 0.99696000  Test Acc: 0.76440000  EMA Test Acc: 0.70510000  One step uses 9.79 seconds
Epoch: 24/100 | Train Loss: 0.01196560  Test Loss: 0.98097062  EMA Test Loss: 1.09087873  Train Acc: 0.99724000  Test Acc: 0.75610000  EMA Test Acc: 0.75100000  One step uses 9.70 seconds
Epoch: 25/100 | Train Loss: 0.00662624  Test Loss: 0.94616044  EMA Test Loss: 1.22161901  Train Acc: 0.99940000  Test Acc: 0.77210000  EMA Test Acc: 0.74080000  One step uses 9.52 seconds
Epoch: 26/100 | Train Loss: 0.00270937  Test Loss: 0.91592985  EMA Test Loss: 0.95204884  Train Acc: 0.99984000  Test Acc: 0.78000000  EMA Test Acc: 0.77240000  One step uses 9.93 seconds
Epoch: 27/100 | Train Loss: 0.00156327  Test Loss: 0.91127551  EMA Test Loss: 1.03594625  Train Acc: 1.00000000  Test Acc: 0.77480000  EMA Test Acc: 0.76240000  One step uses 9.66 seconds
Epoch: 28/100 | Train Loss: 0.00124685  Test Loss: 0.94471115  EMA Test Loss: 0.93620467  Train Acc: 1.00000000  Test Acc: 0.77270000  EMA Test Acc: 0.77670000  One step uses 9.63 seconds
Epoch: 29/100 | Train Loss: 0.00114391  Test Loss: 0.89080507  EMA Test Loss: 0.96818876  Train Acc: 1.00000000  Test Acc: 0.78090000  EMA Test Acc: 0.76630000  One step uses 9.84 seconds
Epoch: 30/100 | Train Loss: 0.00105167  Test Loss: 0.92221123  EMA Test Loss: 1.00548184  Train Acc: 1.00000000  Test Acc: 0.77650000  EMA Test Acc: 0.75980000  One step uses 9.60 seconds
Epoch: 31/100 | Train Loss: 0.00104151  Test Loss: 0.88208401  EMA Test Loss: 0.96202821  Train Acc: 1.00000000  Test Acc: 0.77920000  EMA Test Acc: 0.76560000  One step uses 9.63 seconds
Epoch: 32/100 | Train Loss: 0.00096862  Test Loss: 0.90681446  EMA Test Loss: 0.93926418  Train Acc: 1.00000000  Test Acc: 0.77720000  EMA Test Acc: 0.77080000  One step uses 9.62 seconds
Epoch: 33/100 | Train Loss: 0.00095677  Test Loss: 0.91759217  EMA Test Loss: 0.93594903  Train Acc: 1.00000000  Test Acc: 0.77750000  EMA Test Acc: 0.77620000  One step uses 9.63 seconds
Epoch: 34/100 | Train Loss: 0.00089345  Test Loss: 0.90343398  EMA Test Loss: 0.98020476  Train Acc: 1.00000000  Test Acc: 0.77340000  EMA Test Acc: 0.76370000  One step uses 9.67 seconds
Epoch: 35/100 | Train Loss: 0.00094764  Test Loss: 0.90030420  EMA Test Loss: 0.93890828  Train Acc: 1.00000000  Test Acc: 0.77660000  EMA Test Acc: 0.77040000  One step uses 9.56 seconds
Epoch: 36/100 | Train Loss: 0.00091098  Test Loss: 0.88702345  EMA Test Loss: 0.92108595  Train Acc: 1.00000000  Test Acc: 0.77730000  EMA Test Acc: 0.77750000  One step uses 9.53 seconds
Epoch: 37/100 | Train Loss: 0.00089016  Test Loss: 0.87314433  EMA Test Loss: 0.91457736  Train Acc: 1.00000000  Test Acc: 0.78110000  EMA Test Acc: 0.77520000  One step uses 9.72 seconds
Epoch: 38/100 | Train Loss: 0.00091898  Test Loss: 0.87572920  EMA Test Loss: 0.92744237  Train Acc: 1.00000000  Test Acc: 0.78020000  EMA Test Acc: 0.77040000  One step uses 9.80 seconds
Epoch: 39/100 | Train Loss: 0.00092332  Test Loss: 0.89170927  EMA Test Loss: 0.93471545  Train Acc: 1.00000000  Test Acc: 0.77880000  EMA Test Acc: 0.77370000  One step uses 9.73 seconds
Epoch: 40/100 | Train Loss: 0.00089188  Test Loss: 0.85458595  EMA Test Loss: 0.89700097  Train Acc: 1.00000000  Test Acc: 0.78110000  EMA Test Acc: 0.77320000  One step uses 9.50 seconds
Epoch: 41/100 | Train Loss: 0.00090573  Test Loss: 0.87570596  EMA Test Loss: 0.90788859  Train Acc: 1.00000000  Test Acc: 0.77970000  EMA Test Acc: 0.77620000  One step uses 9.69 seconds
Epoch: 42/100 | Train Loss: 0.00087627  Test Loss: 0.86848396  EMA Test Loss: 0.91931659  Train Acc: 1.00000000  Test Acc: 0.77870000  EMA Test Acc: 0.77170000  One step uses 9.75 seconds
Epoch: 43/100 | Train Loss: 0.00083965  Test Loss: 0.87340558  EMA Test Loss: 0.90260077  Train Acc: 1.00000000  Test Acc: 0.78040000  EMA Test Acc: 0.77630000  One step uses 9.58 seconds
Epoch: 44/100 | Train Loss: 0.00087754  Test Loss: 0.86868864  EMA Test Loss: 0.90574491  Train Acc: 1.00000000  Test Acc: 0.77820000  EMA Test Acc: 0.77100000  One step uses 9.50 seconds
Epoch: 45/100 | Train Loss: 0.00099707  Test Loss: 0.84759980  EMA Test Loss: 0.86057186  Train Acc: 1.00000000  Test Acc: 0.78270000  EMA Test Acc: 0.78120000  One step uses 9.85 seconds
Epoch: 46/100 | Train Loss: 0.00093893  Test Loss: 0.90300554  EMA Test Loss: 0.95009738  Train Acc: 1.00000000  Test Acc: 0.76950000  EMA Test Acc: 0.76250000  One step uses 9.55 seconds
Epoch: 47/100 | Train Loss: 0.00089087  Test Loss: 0.85045558  EMA Test Loss: 0.88632810  Train Acc: 1.00000000  Test Acc: 0.78100000  EMA Test Acc: 0.77490000  One step uses 9.70 seconds
Epoch: 48/100 | Train Loss: 0.00094692  Test Loss: 0.87607151  EMA Test Loss: 0.89729363  Train Acc: 1.00000000  Test Acc: 0.77650000  EMA Test Acc: 0.77620000  One step uses 9.66 seconds
Epoch: 49/100 | Train Loss: 0.00091653  Test Loss: 0.87000304  EMA Test Loss: 0.91983545  Train Acc: 1.00000000  Test Acc: 0.77600000  EMA Test Acc: 0.76610000  One step uses 9.65 seconds
Epoch: 50/100 | Train Loss: 0.00093001  Test Loss: 0.87999815  EMA Test Loss: 0.88282853  Train Acc: 1.00000000  Test Acc: 0.77760000  EMA Test Acc: 0.77890000  One step uses 9.73 seconds
Epoch: 51/100 | Train Loss: 0.00094138  Test Loss: 0.86321241  EMA Test Loss: 0.88350993  Train Acc: 1.00000000  Test Acc: 0.77860000  EMA Test Acc: 0.77810000  One step uses 9.77 seconds
Epoch: 52/100 | Train Loss: 0.00094799  Test Loss: 0.87132245  EMA Test Loss: 0.91221994  Train Acc: 1.00000000  Test Acc: 0.77790000  EMA Test Acc: 0.77190000  One step uses 9.61 seconds
Epoch: 53/100 | Train Loss: 0.00098958  Test Loss: 0.82812053  EMA Test Loss: 0.85160118  Train Acc: 1.00000000  Test Acc: 0.78120000  EMA Test Acc: 0.77780000  One step uses 9.59 seconds
Epoch: 54/100 | Train Loss: 0.00095223  Test Loss: 0.91966379  EMA Test Loss: 0.98804647  Train Acc: 1.00000000  Test Acc: 0.76590000  EMA Test Acc: 0.75600000  One step uses 9.84 seconds
Epoch: 55/100 | Train Loss: 0.00097690  Test Loss: 0.87343132  EMA Test Loss: 0.89265710  Train Acc: 1.00000000  Test Acc: 0.77940000  EMA Test Acc: 0.77800000  One step uses 9.72 seconds
Epoch: 56/100 | Train Loss: 0.00094850  Test Loss: 0.82395339  EMA Test Loss: 0.85484570  Train Acc: 1.00000000  Test Acc: 0.78010000  EMA Test Acc: 0.77560000  One step uses 9.70 seconds
Epoch: 57/100 | Train Loss: 0.00095075  Test Loss: 0.84001917  EMA Test Loss: 0.84986526  Train Acc: 1.00000000  Test Acc: 0.77910000  EMA Test Acc: 0.77870000  One step uses 9.84 seconds
Epoch: 58/100 | Train Loss: 0.00098084  Test Loss: 0.88637751  EMA Test Loss: 0.93011445  Train Acc: 1.00000000  Test Acc: 0.77390000  EMA Test Acc: 0.77020000  One step uses 9.83 seconds
Epoch: 59/100 | Train Loss: 0.00098094  Test Loss: 0.89805830  EMA Test Loss: 0.89559972  Train Acc: 1.00000000  Test Acc: 0.77320000  EMA Test Acc: 0.77630000  One step uses 9.69 seconds
Epoch: 60/100 | Train Loss: 0.00098304  Test Loss: 0.85363728  EMA Test Loss: 0.85160583  Train Acc: 1.00000000  Test Acc: 0.77850000  EMA Test Acc: 0.78000000  One step uses 9.68 seconds
Epoch: 61/100 | Train Loss: 0.00096637  Test Loss: 0.82652825  EMA Test Loss: 0.84630477  Train Acc: 1.00000000  Test Acc: 0.77920000  EMA Test Acc: 0.77630000  One step uses 9.85 seconds
Epoch: 62/100 | Train Loss: 0.00100315  Test Loss: 0.81916410  EMA Test Loss: 0.82718086  Train Acc: 1.00000000  Test Acc: 0.77940000  EMA Test Acc: 0.77880000  One step uses 9.72 seconds
Epoch: 63/100 | Train Loss: 0.00100831  Test Loss: 0.86518008  EMA Test Loss: 0.89782637  Train Acc: 1.00000000  Test Acc: 0.77740000  EMA Test Acc: 0.77120000  One step uses 9.67 seconds
Epoch: 64/100 | Train Loss: 0.00104205  Test Loss: 0.85601133  EMA Test Loss: 0.88853449  Train Acc: 1.00000000  Test Acc: 0.78080000  EMA Test Acc: 0.77490000  One step uses 9.58 seconds
Epoch: 65/100 | Train Loss: 0.00096994  Test Loss: 0.84902638  EMA Test Loss: 0.86187577  Train Acc: 1.00000000  Test Acc: 0.77700000  EMA Test Acc: 0.77540000  One step uses 9.74 seconds
Epoch: 66/100 | Train Loss: 0.00099415  Test Loss: 0.82508719  EMA Test Loss: 0.85538840  Train Acc: 1.00000000  Test Acc: 0.78160000  EMA Test Acc: 0.77870000  One step uses 10.00 seconds
Epoch: 67/100 | Train Loss: 0.00104015  Test Loss: 0.85043269  EMA Test Loss: 0.85921466  Train Acc: 1.00000000  Test Acc: 0.77650000  EMA Test Acc: 0.77610000  One step uses 9.72 seconds
Epoch: 68/100 | Train Loss: 0.00103796  Test Loss: 0.87282705  EMA Test Loss: 0.90309054  Train Acc: 1.00000000  Test Acc: 0.77340000  EMA Test Acc: 0.76940000  One step uses 9.86 seconds
Epoch: 69/100 | Train Loss: 0.00102808  Test Loss: 0.81871408  EMA Test Loss: 0.85123593  Train Acc: 1.00000000  Test Acc: 0.78410000  EMA Test Acc: 0.77800000  One step uses 9.78 seconds
Epoch: 70/100 | Train Loss: 0.00103915  Test Loss: 0.84920526  EMA Test Loss: 0.85461670  Train Acc: 1.00000000  Test Acc: 0.77820000  EMA Test Acc: 0.77600000  One step uses 9.88 seconds
Epoch: 71/100 | Train Loss: 0.00107909  Test Loss: 0.82462871  EMA Test Loss: 0.85992110  Train Acc: 1.00000000  Test Acc: 0.77690000  EMA Test Acc: 0.77230000  One step uses 10.02 seconds
Epoch: 72/100 | Train Loss: 0.00108826  Test Loss: 0.84857088  EMA Test Loss: 0.88316751  Train Acc: 1.00000000  Test Acc: 0.77570000  EMA Test Acc: 0.77160000  One step uses 9.83 seconds
Epoch: 73/100 | Train Loss: 0.00108816  Test Loss: 0.87462366  EMA Test Loss: 0.88414592  Train Acc: 1.00000000  Test Acc: 0.77020000  EMA Test Acc: 0.76970000  One step uses 9.86 seconds
Epoch: 74/100 | Train Loss: 0.00112940  Test Loss: 0.83087790  EMA Test Loss: 0.86466551  Train Acc: 1.00000000  Test Acc: 0.78160000  EMA Test Acc: 0.77550000  One step uses 10.00 seconds
Epoch: 75/100 | Train Loss: 0.00107606  Test Loss: 0.81933796  EMA Test Loss: 0.83982217  Train Acc: 1.00000000  Test Acc: 0.77900000  EMA Test Acc: 0.77740000  One step uses 9.84 seconds
Epoch: 76/100 | Train Loss: 0.00108837  Test Loss: 0.82384092  EMA Test Loss: 0.84021348  Train Acc: 1.00000000  Test Acc: 0.77900000  EMA Test Acc: 0.77810000  One step uses 9.73 seconds
Epoch: 77/100 | Train Loss: 0.00102980  Test Loss: 0.81876379  EMA Test Loss: 0.82996374  Train Acc: 1.00000000  Test Acc: 0.78120000  EMA Test Acc: 0.77880000  One step uses 10.10 seconds
Epoch: 78/100 | Train Loss: 0.00106282  Test Loss: 0.82072228  EMA Test Loss: 0.83276093  Train Acc: 1.00000000  Test Acc: 0.77930000  EMA Test Acc: 0.77590000  One step uses 9.70 seconds
Epoch: 79/100 | Train Loss: 0.00108912  Test Loss: 0.89340109  EMA Test Loss: 0.91393983  Train Acc: 1.00000000  Test Acc: 0.77370000  EMA Test Acc: 0.76990000  One step uses 9.96 seconds
Epoch: 80/100 | Train Loss: 0.00109228  Test Loss: 0.86829168  EMA Test Loss: 0.87581468  Train Acc: 1.00000000  Test Acc: 0.77290000  EMA Test Acc: 0.77070000  One step uses 10.17 seconds
Epoch: 81/100 | Train Loss: 0.00110878  Test Loss: 0.86253369  EMA Test Loss: 0.85775340  Train Acc: 1.00000000  Test Acc: 0.77760000  EMA Test Acc: 0.77870000  One step uses 10.36 seconds
Epoch: 82/100 | Train Loss: 0.00111758  Test Loss: 0.89658123  EMA Test Loss: 0.91835666  Train Acc: 1.00000000  Test Acc: 0.76750000  EMA Test Acc: 0.76380000  One step uses 10.05 seconds
Epoch: 83/100 | Train Loss: 0.00111102  Test Loss: 0.82507795  EMA Test Loss: 0.83054972  Train Acc: 1.00000000  Test Acc: 0.78330000  EMA Test Acc: 0.78030000  One step uses 9.96 seconds
Epoch: 84/100 | Train Loss: 0.00112034  Test Loss: 0.85770231  EMA Test Loss: 0.88000369  Train Acc: 1.00000000  Test Acc: 0.77140000  EMA Test Acc: 0.76760000  One step uses 9.85 seconds
Epoch: 85/100 | Train Loss: 0.00108793  Test Loss: 0.84624833  EMA Test Loss: 0.85131419  Train Acc: 1.00000000  Test Acc: 0.77510000  EMA Test Acc: 0.77540000  One step uses 10.13 seconds
Epoch: 86/100 | Train Loss: 0.00113437  Test Loss: 0.83573115  EMA Test Loss: 0.84398651  Train Acc: 1.00000000  Test Acc: 0.77870000  EMA Test Acc: 0.77590000  One step uses 10.25 seconds
Epoch: 87/100 | Train Loss: 0.00112406  Test Loss: 0.81289709  EMA Test Loss: 0.82353175  Train Acc: 1.00000000  Test Acc: 0.78130000  EMA Test Acc: 0.77830000  One step uses 10.34 seconds
Epoch: 88/100 | Train Loss: 0.00114249  Test Loss: 0.83280098  EMA Test Loss: 0.83308202  Train Acc: 1.00000000  Test Acc: 0.78040000  EMA Test Acc: 0.78040000  One step uses 9.96 seconds
Epoch: 89/100 | Train Loss: 0.00108298  Test Loss: 0.83281827  EMA Test Loss: 0.83641243  Train Acc: 1.00000000  Test Acc: 0.77830000  EMA Test Acc: 0.77690000  One step uses 9.87 seconds
Epoch: 90/100 | Train Loss: 0.00111423  Test Loss: 0.81419903  EMA Test Loss: 0.81500638  Train Acc: 1.00000000  Test Acc: 0.78300000  EMA Test Acc: 0.78270000  One step uses 10.30 seconds
Epoch: 91/100 | Train Loss: 0.00109948  Test Loss: 0.86495608  EMA Test Loss: 0.87025166  Train Acc: 1.00000000  Test Acc: 0.77410000  EMA Test Acc: 0.77510000  One step uses 10.21 seconds
